<?xml version="1.0" encoding="UTF-8"?>
<!-- Generated by org.testng.reporters.JUnitXMLReporter -->
<testsuite ignored="0" hostname="DESKTOP-LCGKJ6N" failures="0" tests="1" name="Test-Runner-Edge" time="37.579" errors="0" timestamp="2025-03-20T11:45:26 IST">
  <testcase classname="productTests.AddProductToCartTestASSERT" name="tc_001_AddProductToCartTest" time="0.328"/>
</testsuite> <!-- Test-Runner-Edge -->
