<?xml version="1.0" encoding="UTF-8"?>
<!-- Generated by org.testng.reporters.JUnitXMLReporter -->
<testsuite ignored="0" hostname="DESKTOP-LCGKJ6N" failures="0" tests="1" name="Test-Runner-Chrome" time="27.352" errors="0" timestamp="2025-03-20T11:44:48 IST">
  <testcase classname="productTests.AddProductToCartTestASSERT" name="tc_001_AddProductToCartTest" time="6.728"/>
</testsuite> <!-- Test-Runner-Chrome -->
