<?xml version="1.0" encoding="UTF-8"?>
<!-- Generated by org.testng.reporters.JUnitXMLReporter -->
<testsuite ignored="0" hostname="DESKTOP-LCGKJ6N" failures="0" tests="1" name="Test-Runner-Firefox" time="40.872" errors="0" timestamp="2025-03-20T11:46:07 IST">
  <testcase classname="productTests.AddProductToCartTestASSERT" name="tc_001_AddProductToCartTest" time="0.999"/>
</testsuite> <!-- Test-Runner-Firefox -->
