<?xml version="1.0" encoding="UTF-8"?>
<!-- Generated by org.testng.reporters.JUnitReportReporter -->
<testsuite hostname="DESKTOP-LCGKJ6N" failures="0" tests="1" name="practice.Remove" time="7.314" errors="0" timestamp="2025-03-13T12:08:06 IST" skipped="0">
  <testcase classname="practice.Remove" name="remove" time="7.314"/>
  <system-out/>
</testsuite> <!-- practice.Remove -->
