<?xml version="1.0" encoding="UTF-8"?>
<!-- Generated by org.testng.reporters.JUnitReportReporter -->
<testsuite hostname="DESKTOP-LCGKJ6N" failures="0" tests="1" name="practice.SampleJDBC" time="0.379" errors="0" timestamp="2025-04-03T12:51:01 IST" skipped="0">
  <testcase classname="practice.SampleJDBC" name="jdbcExecuteQuery" time="0.379"/>
  <system-out/>
</testsuite> <!-- practice.SampleJDBC -->
