<?xml version="1.0" encoding="UTF-8"?>
<!-- Generated by org.testng.reporters.JUnitReportReporter -->
<testsuite hostname="DESKTOP-LCGKJ6N" failures="0" tests="2" name="productTests.AddProductToCartTestASSERT_SM" time="7.839" errors="0" timestamp="2025-03-25T13:48:00 IST" skipped="0">
  <testcase classname="productTests.AddProductToCartTestASSERT_SM" name="tc_002_sampleTest" time="1.703"/>
  <system-out/>
  <testcase classname="productTests.AddProductToCartTestASSERT_SM" name="tc_001_AddProductToCartTest" time="6.136"/>
  <system-out/>
</testsuite> <!-- productTests.AddProductToCartTestASSERT_SM -->
