<?xml version="1.0" encoding="UTF-8"?>
<!-- Generated by org.testng.reporters.JUnitReportReporter -->
<testsuite hostname="DESKTOP-LCGKJ6N" failures="0" tests="1" name="productTests.AddLowestPriceProductTestASSERT" time="8.780" errors="0" timestamp="2025-03-21T14:18:59 IST" skipped="0">
  <testcase classname="productTests.AddLowestPriceProductTestASSERT" name="tc_002_addLowestPriceProductToCartTest" time="8.780"/>
  <system-out/>
</testsuite> <!-- productTests.AddLowestPriceProductTestASSERT -->
