<?xml version="1.0" encoding="UTF-8"?>
<!-- Generated by org.testng.reporters.JUnitReportReporter -->
<testsuite hostname="DESKTOP-LCGKJ6N" failures="0" tests="3" name="productTests.AddProductToCartTestASSERT" time="16.577" errors="0" timestamp="2025-03-20T11:46:07 IST" skipped="0">
  <testcase classname="productTests.AddProductToCartTestASSERT" name="tc_001_AddProductToCartTest" time="5.776"/>
  <system-out/>
  <testcase classname="productTests.AddProductToCartTestASSERT" name="tc_001_AddProductToCartTest" time="9.290"/>
  <system-out/>
  <testcase classname="productTests.AddProductToCartTestASSERT" name="tc_001_AddProductToCartTest" time="1.511"/>
  <system-out/>
</testsuite> <!-- productTests.AddProductToCartTestASSERT -->
