<?xml version="1.0" encoding="UTF-8"?>
<!-- Generated by org.testng.reporters.JUnitReportReporter -->
<testsuite hostname="DESKTOP-LCGKJ6N" failures="0" tests="1" name="productTests.AddProductToCartTestTESTNG" time="2.702" errors="0" timestamp="2025-03-18T12:24:21 IST" skipped="0">
  <testcase classname="productTests.AddProductToCartTestTESTNG" name="tc_001_AddProductToCartTest" time="2.702"/>
  <system-out/>
</testsuite> <!-- productTests.AddProductToCartTestTESTNG -->
